<?xml version="1.0" encoding="UTF-8"?>
<coverage generated="1727316531252" clover="3.2.0">
  <project timestamp="1727316531252" name="All files">
    <metrics statements="51" coveredstatements="49" conditionals="12" coveredconditionals="11" methods="4" coveredmethods="4" elements="67" coveredelements="64" complexity="0" loc="51" ncloc="51" packages="1" files="1" classes="1"/>
    <file name="app.js" path="/home/daniel/cc/b2b/diligent-academy/common-cicd/diligent-academy-cicd-recipes/src/app.js">
      <metrics statements="51" coveredstatements="49" conditionals="12" coveredconditionals="11" methods="4" coveredmethods="4"/>
      <line num="1" count="1" type="stmt"/>
      <line num="2" count="9" type="cond" truecount="2" falsecount="0"/>
      <line num="3" count="9" type="stmt"/>
      <line num="4" count="9" type="stmt"/>
      <line num="5" count="9" type="cond" truecount="1" falsecount="0"/>
      <line num="6" count="8" type="cond" truecount="1" falsecount="0"/>
      <line num="7" count="2" type="stmt"/>
      <line num="8" count="2" type="stmt"/>
      <line num="9" count="8" type="cond" truecount="1" falsecount="0"/>
      <line num="10" count="6" type="stmt"/>
      <line num="11" count="6" type="stmt"/>
      <line num="12" count="9" type="stmt"/>
      <line num="13" count="9" type="stmt"/>
      <line num="14" count="9" type="cond" truecount="1" falsecount="0"/>
      <line num="15" count="11" type="cond" truecount="1" falsecount="0"/>
      <line num="16" count="5" type="stmt"/>
      <line num="17" count="11" type="cond" truecount="1" falsecount="0"/>
      <line num="18" count="6" type="stmt"/>
      <line num="19" count="6" type="stmt"/>
      <line num="20" count="9" type="stmt"/>
      <line num="21" count="9" type="stmt"/>
      <line num="22" count="9" type="stmt"/>
      <line num="23" count="1" type="stmt"/>
      <line num="24" count="2" type="cond" truecount="1" falsecount="0"/>
      <line num="25" count="2" type="stmt"/>
      <line num="26" count="2" type="stmt"/>
      <line num="27" count="2" type="stmt"/>
      <line num="28" count="2" type="stmt"/>
      <line num="29" count="2" type="stmt"/>
      <line num="30" count="2" type="stmt"/>
      <line num="31" count="2" type="stmt"/>
      <line num="32" count="1" type="stmt"/>
      <line num="33" count="1" type="cond" truecount="1" falsecount="0"/>
      <line num="34" count="2" type="stmt"/>
      <line num="35" count="2" type="stmt"/>
      <line num="36" count="2" type="stmt"/>
      <line num="37" count="2" type="cond" truecount="1" falsecount="0"/>
      <line num="38" count="1" type="stmt"/>
      <line num="39" count="1" type="stmt"/>
      <line num="40" count="1" type="stmt"/>
      <line num="41" count="1" type="stmt"/>
      <line num="42" count="1" type="stmt"/>
      <line num="43" count="1" type="stmt"/>
      <line num="44" count="1" type="cond" truecount="0" falsecount="1"/>
      <line num="45" count="0" type="stmt"/>
      <line num="46" count="0" type="stmt"/>
      <line num="47" count="1" type="stmt"/>
      <line num="48" count="2" type="stmt"/>
      <line num="49" count="2" type="stmt"/>
      <line num="50" count="2" type="stmt"/>
      <line num="51" count="2" type="stmt"/>
    </file>
  </project>
</coverage>
