{"/home/daniel/cc/b2b/diligent-academy/common-cicd/diligent-academy-cicd-recipes/src/app.js": {"path":"/home/daniel/cc/b2b/diligent-academy/common-cicd/diligent-academy-cicd-recipes/src/app.js","all":false,"statementMap":{"0":{"start":{"line":1,"column":0},"end":{"line":1,"column":0}},"1":{"start":{"line":2,"column":0},"end":{"line":2,"column":55}},"2":{"start":{"line":3,"column":0},"end":{"line":3,"column":46}},"3":{"start":{"line":4,"column":0},"end":{"line":4,"column":0}},"4":{"start":{"line":5,"column":0},"end":{"line":5,"column":56}},"5":{"start":{"line":6,"column":0},"end":{"line":6,"column":31}},"6":{"start":{"line":7,"column":0},"end":{"line":7,"column":54}},"7":{"start":{"line":8,"column":0},"end":{"line":8,"column":49}},"8":{"start":{"line":9,"column":0},"end":{"line":9,"column":12}},"9":{"start":{"line":10,"column":0},"end":{"line":10,"column":39}},"10":{"start":{"line":11,"column":0},"end":{"line":11,"column":5}},"11":{"start":{"line":12,"column":0},"end":{"line":12,"column":4}},"12":{"start":{"line":13,"column":0},"end":{"line":13,"column":0}},"13":{"start":{"line":14,"column":0},"end":{"line":14,"column":31}},"14":{"start":{"line":15,"column":0},"end":{"line":15,"column":36}},"15":{"start":{"line":16,"column":0},"end":{"line":16,"column":57}},"16":{"start":{"line":17,"column":0},"end":{"line":17,"column":12}},"17":{"start":{"line":18,"column":0},"end":{"line":18,"column":33}},"18":{"start":{"line":19,"column":0},"end":{"line":19,"column":5}},"19":{"start":{"line":20,"column":0},"end":{"line":20,"column":4}},"20":{"start":{"line":21,"column":0},"end":{"line":21,"column":17}},"21":{"start":{"line":22,"column":0},"end":{"line":22,"column":1}},"22":{"start":{"line":23,"column":0},"end":{"line":23,"column":0}},"23":{"start":{"line":24,"column":0},"end":{"line":24,"column":38}},"24":{"start":{"line":25,"column":0},"end":{"line":25,"column":60}},"25":{"start":{"line":26,"column":0},"end":{"line":26,"column":38}},"26":{"start":{"line":27,"column":0},"end":{"line":27,"column":87}},"27":{"start":{"line":28,"column":0},"end":{"line":28,"column":41}},"28":{"start":{"line":29,"column":0},"end":{"line":29,"column":4}},"29":{"start":{"line":30,"column":0},"end":{"line":30,"column":19}},"30":{"start":{"line":31,"column":0},"end":{"line":31,"column":1}},"31":{"start":{"line":32,"column":0},"end":{"line":32,"column":0}},"32":{"start":{"line":33,"column":0},"end":{"line":33,"column":32}},"33":{"start":{"line":34,"column":0},"end":{"line":34,"column":2}},"34":{"start":{"line":35,"column":0},"end":{"line":35,"column":24}},"35":{"start":{"line":36,"column":0},"end":{"line":36,"column":2}},"36":{"start":{"line":37,"column":0},"end":{"line":37,"column":30}},"37":{"start":{"line":38,"column":0},"end":{"line":38,"column":27}},"38":{"start":{"line":39,"column":0},"end":{"line":39,"column":70}},"39":{"start":{"line":40,"column":0},"end":{"line":40,"column":4}},"40":{"start":{"line":41,"column":0},"end":{"line":41,"column":4}},"41":{"start":{"line":42,"column":0},"end":{"line":42,"column":26}},"42":{"start":{"line":43,"column":0},"end":{"line":43,"column":59}},"43":{"start":{"line":44,"column":0},"end":{"line":44,"column":12}},"44":{"start":{"line":45,"column":0},"end":{"line":45,"column":26}},"45":{"start":{"line":46,"column":0},"end":{"line":46,"column":5}},"46":{"start":{"line":47,"column":0},"end":{"line":47,"column":3}},"47":{"start":{"line":48,"column":0},"end":{"line":48,"column":0}},"48":{"start":{"line":49,"column":0},"end":{"line":49,"column":59}},"49":{"start":{"line":50,"column":0},"end":{"line":50,"column":14}},"50":{"start":{"line":51,"column":0},"end":{"line":51,"column":1}}},"s":{"0":1,"1":9,"2":9,"3":9,"4":9,"5":8,"6":2,"7":2,"8":8,"9":6,"10":6,"11":9,"12":9,"13":9,"14":11,"15":5,"16":11,"17":6,"18":6,"19":9,"20":9,"21":9,"22":1,"23":2,"24":2,"25":2,"26":2,"27":2,"28":2,"29":2,"30":2,"31":1,"32":1,"33":2,"34":2,"35":2,"36":2,"37":1,"38":1,"39":1,"40":1,"41":1,"42":1,"43":1,"44":0,"45":0,"46":1,"47":2,"48":2,"49":2,"50":2},"branchMap":{"0":{"type":"branch","line":2,"loc":{"start":{"line":2,"column":-1},"end":{"line":51,"column":1}},"locations":[{"start":{"line":2,"column":-1},"end":{"line":51,"column":1}}]},"1":{"type":"branch","line":2,"loc":{"start":{"line":2,"column":0},"end":{"line":22,"column":1}},"locations":[{"start":{"line":2,"column":0},"end":{"line":22,"column":1}}]},"2":{"type":"branch","line":5,"loc":{"start":{"line":5,"column":37},"end":{"line":12,"column":3}},"locations":[{"start":{"line":5,"column":37},"end":{"line":12,"column":3}}]},"3":{"type":"branch","line":6,"loc":{"start":{"line":6,"column":30},"end":{"line":9,"column":5}},"locations":[{"start":{"line":6,"column":30},"end":{"line":9,"column":5}}]},"4":{"type":"branch","line":9,"loc":{"start":{"line":9,"column":5},"end":{"line":11,"column":5}},"locations":[{"start":{"line":9,"column":5},"end":{"line":11,"column":5}}]},"5":{"type":"branch","line":14,"loc":{"start":{"line":14,"column":19},"end":{"line":20,"column":3}},"locations":[{"start":{"line":14,"column":19},"end":{"line":20,"column":3}}]},"6":{"type":"branch","line":15,"loc":{"start":{"line":15,"column":35},"end":{"line":17,"column":5}},"locations":[{"start":{"line":15,"column":35},"end":{"line":17,"column":5}}]},"7":{"type":"branch","line":17,"loc":{"start":{"line":17,"column":5},"end":{"line":19,"column":5}},"locations":[{"start":{"line":17,"column":5},"end":{"line":19,"column":5}}]},"8":{"type":"branch","line":24,"loc":{"start":{"line":24,"column":0},"end":{"line":31,"column":1}},"locations":[{"start":{"line":24,"column":0},"end":{"line":31,"column":1}}]},"9":{"type":"branch","line":33,"loc":{"start":{"line":33,"column":7},"end":{"line":51,"column":1}},"locations":[{"start":{"line":33,"column":7},"end":{"line":51,"column":1}}]},"10":{"type":"branch","line":37,"loc":{"start":{"line":37,"column":2},"end":{"line":47,"column":3}},"locations":[{"start":{"line":37,"column":2},"end":{"line":47,"column":3}}]},"11":{"type":"branch","line":44,"loc":{"start":{"line":44,"column":5},"end":{"line":46,"column":5}},"locations":[{"start":{"line":44,"column":5},"end":{"line":46,"column":5}}]}},"b":{"0":[1],"1":[9],"2":[8],"3":[2],"4":[6],"5":[11],"6":[5],"7":[6],"8":[2],"9":[2],"10":[1],"11":[0]},"fnMap":{"0":{"name":"element","decl":{"start":{"line":2,"column":0},"end":{"line":22,"column":1}},"loc":{"start":{"line":2,"column":0},"end":{"line":22,"column":1}},"line":2},"1":{"name":"createContainer","decl":{"start":{"line":24,"column":0},"end":{"line":31,"column":1}},"loc":{"start":{"line":24,"column":0},"end":{"line":31,"column":1}},"line":24},"2":{"name":"setupApp","decl":{"start":{"line":33,"column":7},"end":{"line":51,"column":1}},"loc":{"start":{"line":33,"column":7},"end":{"line":51,"column":1}},"line":33},"3":{"name":"handleShow","decl":{"start":{"line":37,"column":2},"end":{"line":47,"column":3}},"loc":{"start":{"line":37,"column":2},"end":{"line":47,"column":3}},"line":37}},"f":{"0":9,"1":2,"2":2,"3":1}}
}
