TN:
SF:src/app.js
FN:2,element
FN:24,createContainer
FN:33,setupApp
FN:37,handleShow
FNF:4
FNH:4
FNDA:9,element
FNDA:2,createContainer
FNDA:2,setupApp
FNDA:1,handleShow
DA:1,1
DA:2,9
DA:3,9
DA:4,9
DA:5,9
DA:6,8
DA:7,2
DA:8,2
DA:9,8
DA:10,6
DA:11,6
DA:12,9
DA:13,9
DA:14,9
DA:15,11
DA:16,5
DA:17,11
DA:18,6
DA:19,6
DA:20,9
DA:21,9
DA:22,9
DA:23,1
DA:24,2
DA:25,2
DA:26,2
DA:27,2
DA:28,2
DA:29,2
DA:30,2
DA:31,2
DA:32,1
DA:33,1
DA:34,2
DA:35,2
DA:36,2
DA:37,2
DA:38,1
DA:39,1
DA:40,1
DA:41,1
DA:42,1
DA:43,1
DA:44,1
DA:45,0
DA:46,0
DA:47,1
DA:48,2
DA:49,2
DA:50,2
DA:51,2
LF:51
LH:49
BRDA:2,0,0,1
BRDA:2,1,0,9
BRDA:5,2,0,8
BRDA:6,3,0,2
BRDA:9,4,0,6
BRDA:14,5,0,11
BRDA:15,6,0,5
BRDA:17,7,0,6
BRDA:24,8,0,2
BRDA:33,9,0,2
BRDA:37,10,0,1
BRDA:44,11,0,0
BRF:12
BRH:11
end_of_record
